Arguments: 
  C:\Program Files\nodejs\node.exe C:\Users\shriv\AppData\Roaming\npm\node_modules\yarn\bin\yarn.js install

PATH: 
  C:\Users\shriv\AppData\Local\Programs\Python\Python310\Scripts\;C:\Users\shriv\AppData\Local\Programs\Python\Python310\;C:\Program Files (x86)\Common Files\Oracle\Java\javapath;C:\ProgramData\Oracle\Java\javapath;C:\Windows\system32;C:\Windows;C:\Windows\System32\Wbem;C:\Windows\System32\WindowsPowerShell\v1.0\;C:\mingw\mingw32\bin;C:\Program Files\dotnet\;C:\Users\shriv\AppData\Local\Programs\Python\Python310;C:\Users\shriv\AppData\Local\Programs\Python\Python310\Scripts;C:\ProgramData\chocolatey\bin;C:\Program Files\Git\cmd;C:\Program Files\nodejs\;C:\Program Files\MongoDB\Server\6.0\bin\;C:\Users\shriv\AppData\Local\Microsoft\WindowsApps;C:\mingw\mingw32\bin;C:\Program Files (x86)\Sophos\Sophos SSL VPN Client\bin;C:\Users\shriv\AppData\Local\GitHubDesktop\bin;C:\Users\shriv\AppData\Local\Programs\Microsoft VS Code\bin;C:\Users\shriv\AppData\Roaming\npm;C:\Program Files\heroku\bin;C:\Program Files\MongoDB\Server\6.0\bin\;

Yarn version: 
  1.22.19

Node version: 
  16.17.1

Platform: 
  win32 x64

Trace: 
  Error: connect ETIMEDOUT 49.44.79.236:443
      at TCPConnectWrap.afterConnect [as oncomplete] (node:net:1247:16)

npm manifest: 
  {
    "name": "pro1",
    "license": "UNLICENSED",
    "scripts": {
      "codegen": "graph codegen",
      "build": "graph build",
      "deploy": "graph deploy --node https://api.studio.thegraph.com/deploy/ pro1",
      "create-local": "graph create --node http://localhost:8020/ pro1",
      "remove-local": "graph remove --node http://localhost:8020/ pro1",
      "deploy-local": "graph deploy --node http://localhost:8020/ --ipfs http://localhost:5001 pro1",
      "test": "graph test"
    },
    "dependencies": {
      "@graphprotocol/graph-cli": "0.37.7",
      "@graphprotocol/graph-ts": "0.29.1"
    },
    "devDependencies": { "matchstick-as": "0.5.0" }
  }

yarn manifest: 
  No manifest

Lockfile: 
  No lockfile
